Using pre-set license
Built from '2020.3/release' branch; Version is '2020.3.15f2 (6cf78cb77498) revision 7141260'; Using compiler version '192528614'; Build Type 'Release'
OS: 'Windows 10 Pro; OS build 19042.1110; Version 2009; 64bit' Language: 'en' Physical Memory: 16316 MB
BatchMode: 1, IsHumanControllingUs: 0, StartBugReporterOnCrash: 0, Is64bit: 1, IsPro: 0

 COMMAND LINE ARGUMENTS:
C:\Program Files\Unity\Hub\Editor\2020.3.15f2\Editor\Unity.exe
-adb2
-batchMode
-noUpm
-name
AssetImportWorker0
-projectPath
D:/Games/project_g/New Unity Project
-logFile
Logs/AssetImportWorker0.log
-srvPort
1059
Successfully changed project path to: D:/Games/project_g/New Unity Project
D:/Games/project_g/New Unity Project
Using Asset Import Pipeline V2.
Refreshing native plugins compatible for Editor in 36.40 ms, found 3 plugins.
Preloading 0 native plugins for Editor in 0.00 ms.
Initialize engine version: 2020.3.15f2 (6cf78cb77498)
[Subsystems] Discovering subsystems at path C:/Program Files/Unity/Hub/Editor/2020.3.15f2/Editor/Data/Resources/UnitySubsystems
[Subsystems] Discovering subsystems at path D:/Games/project_g/New Unity Project/Assets
GfxDevice: creating device client; threaded=0
Direct3D:
    Version:  Direct3D 11.0 [level 11.1]
    Renderer: NVIDIA GeForce RTX 2060 (ID=0x1f08)
    Vendor:   
    VRAM:     5980 MB
    Driver:   30.0.14.7141
Initialize mono
Mono path[0] = 'C:/Program Files/Unity/Hub/Editor/2020.3.15f2/Editor/Data/Managed'
Mono path[1] = 'C:/Program Files/Unity/Hub/Editor/2020.3.15f2/Editor/Data/MonoBleedingEdge/lib/mono/unityjit'
Mono config path = 'C:/Program Files/Unity/Hub/Editor/2020.3.15f2/Editor/Data/MonoBleedingEdge/etc'
Using monoOptions --debugger-agent=transport=dt_socket,embedding=1,server=y,suspend=n,address=127.0.0.1:56836
Begin MonoManager ReloadAssembly
Registering precompiled unity dll's ...
Register platform support module: C:/Program Files/Unity/Hub/Editor/2020.3.15f2/Editor/Data/PlaybackEngines/WindowsStandaloneSupport/UnityEditor.WindowsStandalone.Extensions.dll
Registered in 0.001945 seconds.
Native extension for WindowsStandalone target not found
Refreshing native plugins compatible for Editor in 35.51 ms, found 3 plugins.
Preloading 0 native plugins for Editor in 0.00 ms.
Mono: successfully reloaded assembly
- Completed reload, in  1.641 seconds
Domain Reload Profiling:
	ReloadAssembly (1641ms)
		BeginReloadAssembly (46ms)
			ExecutionOrderSort (0ms)
			DisableScriptedObjects (0ms)
			BackupInstance (0ms)
			ReleaseScriptingObjects (0ms)
			CreateAndSetChildDomain (1ms)
		EndReloadAssembly (378ms)
			LoadAssemblies (44ms)
			RebuildTransferFunctionScriptingTraits (0ms)
			SetupTypeCache (140ms)
			ReleaseScriptCaches (0ms)
			RebuildScriptCaches (28ms)
			SetupLoadedEditorAssemblies (148ms)
				LogAssemblyErrors (0ms)
				InitializePlatformSupportModulesInManaged (4ms)
				SetLoadedEditorAssemblies (0ms)
				RefreshPlugins (36ms)
				BeforeProcessingInitializeOnLoad (5ms)
				ProcessInitializeOnLoadAttributes (76ms)
				ProcessInitializeOnLoadMethodAttributes (27ms)
				AfterProcessingInitializeOnLoad (0ms)
				EditorAssembliesLoaded (0ms)
			ExecutionOrderSort2 (0ms)
			AwakeInstancesAfterBackupRestoration (0ms)
Platform modules already initialized, skipping
Registering precompiled user dll's ...
Registered in 0.003307 seconds.
Begin MonoManager ReloadAssembly
Native extension for WindowsStandalone target not found
Refreshing native plugins compatible for Editor in 35.73 ms, found 3 plugins.
Preloading 0 native plugins for Editor in 0.00 ms.
Mono: successfully reloaded assembly
- Completed reload, in  1.048 seconds
Domain Reload Profiling:
	ReloadAssembly (1048ms)
		BeginReloadAssembly (122ms)
			ExecutionOrderSort (0ms)
			DisableScriptedObjects (4ms)
			BackupInstance (0ms)
			ReleaseScriptingObjects (0ms)
			CreateAndSetChildDomain (15ms)
		EndReloadAssembly (873ms)
			LoadAssemblies (78ms)
			RebuildTransferFunctionScriptingTraits (0ms)
			SetupTypeCache (263ms)
			ReleaseScriptCaches (0ms)
			RebuildScriptCaches (43ms)
			SetupLoadedEditorAssemblies (371ms)
				LogAssemblyErrors (0ms)
				InitializePlatformSupportModulesInManaged (3ms)
				SetLoadedEditorAssemblies (0ms)
				RefreshPlugins (36ms)
				BeforeProcessingInitializeOnLoad (53ms)
				ProcessInitializeOnLoadAttributes (262ms)
				ProcessInitializeOnLoadMethodAttributes (12ms)
				AfterProcessingInitializeOnLoad (5ms)
				EditorAssembliesLoaded (0ms)
			ExecutionOrderSort2 (0ms)
			AwakeInstancesAfterBackupRestoration (5ms)
Platform modules already initialized, skipping
========================================================================
Worker process is ready to serve import requests
Launched and connected shader compiler UnityShaderCompiler.exe after 0.07 seconds
Refreshing native plugins compatible for Editor in 0.58 ms, found 3 plugins.
Preloading 0 native plugins for Editor in 0.00 ms.
Unloading 2090 Unused Serialized files (Serialized files now loaded: 0)
System memory in use before: 93.2 MB.
System memory in use after: 93.2 MB.

Unloading 33 unused Assets to reduce memory usage. Loaded Objects now: 2523.
Total: 2.026800 ms (FindLiveObjects: 0.155400 ms CreateObjectMapping: 0.074400 ms MarkObjects: 1.695800 ms  DeleteObjects: 0.100400 ms)

AssetImportParameters requested are different than current active one (requested -> active):
  custom:framework-win-MediaFoundation: 216162199b28c13a410421893ffa2e32 -> 
  custom:video-decoder-ogg-theora: a1e56fd34408186e4bbccfd4996cb3dc -> 
  custom:container-muxer-webm: aa71ff27fc2769a1b78a27578f13a17b -> 
  custom:container-demuxer-webm: 4f35f7cbe854078d1ac9338744f61a02 -> 
  custom:container-demuxer-ogg: 62fdf1f143b41e24485cea50d1cbac27 -> 
  custom:video-encoder-webm-vp8: eb34c28f22e8b96e1ab97ce403110664 -> 
  custom:video-decoder-webm-vp8: 9c59270c3fd7afecdb556c50c9e8de78 -> 
  custom:audio-decoder-ogg-vorbis: bf7c407c2cedff20999df2af8eb42d56 -> 
  custom:audio-encoder-webm-vorbis: bf7c407c2cedff20999df2af8eb42d56 -> 
========================================================================
Received Import Request.
  path: Assets/Scenes
  artifactKey: Guid(6ff9e864d32a3ab489c5e2994b96402a) Importer(815301076,1909f56bfc062723c751e8b465ee728b)
Start importing Assets/Scenes using Guid(6ff9e864d32a3ab489c5e2994b96402a) Importer(815301076,1909f56bfc062723c751e8b465ee728b)  -> (artifact id: '28141180b01ddf8e1b17fe5b20762d3f') in 0.007517 seconds 
  Import took 0.041935 seconds .

========================================================================
Received Import Request.
  Time since last request: 18.752549 seconds.
  path: Assets/textures
  artifactKey: Guid(45a6ed8e0df365b49a0ff27417538194) Importer(815301076,1909f56bfc062723c751e8b465ee728b)
Start importing Assets/textures using Guid(45a6ed8e0df365b49a0ff27417538194) Importer(815301076,1909f56bfc062723c751e8b465ee728b)  -> (artifact id: 'd84421999baedebc4be4b78eea81c7a5') in 0.004698 seconds 
  Import took 0.044525 seconds .

========================================================================
Received Import Request.
  Time since last request: 0.010288 seconds.
  path: Assets/textures/Sprite-0001.png
  artifactKey: Guid(1e321327a6583544f92616c4c66570c7) Importer(815301076,1909f56bfc062723c751e8b465ee728b)
Start importing Assets/textures/Sprite-0001.png using Guid(1e321327a6583544f92616c4c66570c7) Importer(815301076,1909f56bfc062723c751e8b465ee728b)  -> (artifact id: '2c8e6455a2652734cb9d11e01b1e6723') in 0.114837 seconds 
  Import took 0.142659 seconds .

========================================================================
Received Import Request.
  Time since last request: 16.342706 seconds.
  path: Assets/Dungeon .png
  artifactKey: Guid(26f0bc5cebb73e440887e8d616a66d48) Importer(815301076,1909f56bfc062723c751e8b465ee728b)
Start importing Assets/Dungeon .png using Guid(26f0bc5cebb73e440887e8d616a66d48) Importer(815301076,1909f56bfc062723c751e8b465ee728b)  -> (artifact id: '0a5f526d8bc1a614b6d51e4cbf24b53f') in 0.057496 seconds 
  Import took 0.121919 seconds .

========================================================================
Received Import Request.
  Time since last request: 19.910277 seconds.
  path: Assets/sounds
  artifactKey: Guid(7d6fa107c3bb2bb4b8ca9b7f288880a4) Importer(815301076,1909f56bfc062723c751e8b465ee728b)
Start importing Assets/sounds using Guid(7d6fa107c3bb2bb4b8ca9b7f288880a4) Importer(815301076,1909f56bfc062723c751e8b465ee728b)  -> (artifact id: '9713186dc3bd3e675dfea6b8f5e21586') in 0.005413 seconds 
  Import took 0.032144 seconds .

========================================================================
Received Import Request.
  Time since last request: 0.041761 seconds.
  path: Assets/sounds/1 вид звуков в катакомбах.mp3
  artifactKey: Guid(001b91e4b501bb743b19fae07b959996) Importer(815301076,1909f56bfc062723c751e8b465ee728b)
Start importing Assets/sounds/1 вид звуков в катакомбах.mp3 using Guid(001b91e4b501bb743b19fae07b959996) Importer(815301076,1909f56bfc062723c751e8b465ee728b)  -> (artifact id: '384878bfe31460b3a1cf366c9f9fe287') in 0.083476 seconds 
  Import took 0.113045 seconds .

========================================================================
Received Import Request.
  Time since last request: 0.000208 seconds.
  path: Assets/sounds/1 вид ураров.mp3
  artifactKey: Guid(3940333018d2fb045b3ca1bf5a9054ff) Importer(815301076,1909f56bfc062723c751e8b465ee728b)
Start importing Assets/sounds/1 вид ураров.mp3 using Guid(3940333018d2fb045b3ca1bf5a9054ff) Importer(815301076,1909f56bfc062723c751e8b465ee728b)  -> (artifact id: '0843cb2556f221120238cdbe3262d063') in 0.033122 seconds 
  Import took 0.057019 seconds .

========================================================================
Received Import Request.
  Time since last request: 0.000209 seconds.
  path: Assets/sounds/шаги в тяжёлых доспехах.mp3
  artifactKey: Guid(78f472b7ee3836d4db8739df40ebac67) Importer(815301076,1909f56bfc062723c751e8b465ee728b)
Start importing Assets/sounds/шаги в тяжёлых доспехах.mp3 using Guid(78f472b7ee3836d4db8739df40ebac67) Importer(815301076,1909f56bfc062723c751e8b465ee728b)  -> (artifact id: 'f1d9addf5de70f2a8a17d0b13bd5fb3b') in 0.024670 seconds 
  Import took 0.044229 seconds .

========================================================================
Received Import Request.
  Time since last request: 0.000200 seconds.
  path: Assets/sounds/шаги в доме по деревянному полу.mp3
  artifactKey: Guid(60057fcac4a149d42866428f53e79813) Importer(815301076,1909f56bfc062723c751e8b465ee728b)
Start importing Assets/sounds/шаги в доме по деревянному полу.mp3 using Guid(60057fcac4a149d42866428f53e79813) Importer(815301076,1909f56bfc062723c751e8b465ee728b)  -> (artifact id: '332fe483af56f73226db8a901240950f') in 0.010718 seconds 
  Import took 0.043980 seconds .

========================================================================
Received Import Request.
  Time since last request: 0.000190 seconds.
  path: Assets/sounds/шаги мини босов или босов.mp3
  artifactKey: Guid(0f67abd4cbaa4244686b1b60935ebf99) Importer(815301076,1909f56bfc062723c751e8b465ee728b)
Start importing Assets/sounds/шаги мини босов или босов.mp3 using Guid(0f67abd4cbaa4244686b1b60935ebf99) Importer(815301076,1909f56bfc062723c751e8b465ee728b)  -> (artifact id: 'f58e22e2a6571b717bed3767f9ff299c') in 0.042682 seconds 
  Import took 0.067196 seconds .

========================================================================
Received Import Request.
  Time since last request: 0.000203 seconds.
  path: Assets/sounds/какая то хуйня но мне нравится.mp3
  artifactKey: Guid(759436a47e22dbe4296e71095309987c) Importer(815301076,1909f56bfc062723c751e8b465ee728b)
Start importing Assets/sounds/какая то хуйня но мне нравится.mp3 using Guid(759436a47e22dbe4296e71095309987c) Importer(815301076,1909f56bfc062723c751e8b465ee728b)  -> (artifact id: '311a238c58abec0b3fa484c413f763b4') in 0.009762 seconds 
  Import took 0.032217 seconds .

========================================================================
Received Import Request.
  Time since last request: 0.000200 seconds.
  path: Assets/sounds/шаги по металлической лестнице или просто по металлу.mp3
  artifactKey: Guid(49037bdf79c335c498d08eabfd73c90b) Importer(815301076,1909f56bfc062723c751e8b465ee728b)
Start importing Assets/sounds/шаги по металлической лестнице или просто по металлу.mp3 using Guid(49037bdf79c335c498d08eabfd73c90b) Importer(815301076,1909f56bfc062723c751e8b465ee728b)  -> (artifact id: '03451fb9c0c9ca7f9e14b0edc12871a5') in 0.011176 seconds 
  Import took 0.013883 seconds .

========================================================================
Received Import Request.
  Time since last request: 0.000143 seconds.
  path: Assets/sounds/2 вид звуков в катакомбах.mp3
  artifactKey: Guid(6b64844438f15914388bbaedeae55768) Importer(815301076,1909f56bfc062723c751e8b465ee728b)
Start importing Assets/sounds/2 вид звуков в катакомбах.mp3 using Guid(6b64844438f15914388bbaedeae55768) Importer(815301076,1909f56bfc062723c751e8b465ee728b)  -> (artifact id: '342e201fb5f87318c8a50107aa5f9e5b') in 0.009038 seconds 
  Import took 0.076918 seconds .

========================================================================
Received Import Request.
  Time since last request: 0.000148 seconds.
  path: Assets/sounds/2 вид ударов.mp3
  artifactKey: Guid(cc9d8a28ee130f04b9069f5570298994) Importer(815301076,1909f56bfc062723c751e8b465ee728b)
Start importing Assets/sounds/2 вид ударов.mp3 using Guid(cc9d8a28ee130f04b9069f5570298994) Importer(815301076,1909f56bfc062723c751e8b465ee728b)  -> (artifact id: 'ef0a19458e5da73f775d6052fd8ef214') in 0.035355 seconds 
  Import took 0.038163 seconds .

========================================================================
Received Import Request.
  Time since last request: 0.000166 seconds.
  path: Assets/sounds/быстрый бег или бег в лёгких доспехах.mp3
  artifactKey: Guid(3df95a45a2fa1d74bba08f248c2a1ab3) Importer(815301076,1909f56bfc062723c751e8b465ee728b)
Start importing Assets/sounds/быстрый бег или бег в лёгких доспехах.mp3 using Guid(3df95a45a2fa1d74bba08f248c2a1ab3) Importer(815301076,1909f56bfc062723c751e8b465ee728b)  -> (artifact id: 'df038742ec39c503535949c5842d9e45') in 0.010330 seconds 
  Import took 0.017420 seconds .

========================================================================
Received Import Request.
  Time since last request: 0.000919 seconds.
  path: Assets/sounds/быстрый бег или бег в лёгких доспехах.mp3
  artifactKey: Guid(3df95a45a2fa1d74bba08f248c2a1ab3) Importer(815301076,1909f56bfc062723c751e8b465ee728b)
Start importing Assets/sounds/быстрый бег или бег в лёгких доспехах.mp3 using Guid(3df95a45a2fa1d74bba08f248c2a1ab3) Importer(815301076,1909f56bfc062723c751e8b465ee728b)  -> (artifact id: 'df038742ec39c503535949c5842d9e45') in 0.010888 seconds 
  Import took 0.013959 seconds .

========================================================================
Received Prepare
Registering precompiled user dll's ...
Registered in 0.002913 seconds.
Begin MonoManager ReloadAssembly
Native extension for WindowsStandalone target not found
Refreshing native plugins compatible for Editor in 0.36 ms, found 3 plugins.
Preloading 0 native plugins for Editor in 0.00 ms.
Mono: successfully reloaded assembly
- Completed reload, in  0.948 seconds
Domain Reload Profiling:
	ReloadAssembly (949ms)
		BeginReloadAssembly (108ms)
			ExecutionOrderSort (0ms)
			DisableScriptedObjects (5ms)
			BackupInstance (0ms)
			ReleaseScriptingObjects (0ms)
			CreateAndSetChildDomain (30ms)
		EndReloadAssembly (786ms)
			LoadAssemblies (77ms)
			RebuildTransferFunctionScriptingTraits (0ms)
			SetupTypeCache (251ms)
			ReleaseScriptCaches (1ms)
			RebuildScriptCaches (38ms)
			SetupLoadedEditorAssemblies (326ms)
				LogAssemblyErrors (0ms)
				InitializePlatformSupportModulesInManaged (5ms)
				SetLoadedEditorAssemblies (0ms)
				RefreshPlugins (0ms)
				BeforeProcessingInitializeOnLoad (47ms)
				ProcessInitializeOnLoadAttributes (263ms)
				ProcessInitializeOnLoadMethodAttributes (5ms)
				AfterProcessingInitializeOnLoad (6ms)
				EditorAssembliesLoaded (0ms)
			ExecutionOrderSort2 (0ms)
			AwakeInstancesAfterBackupRestoration (9ms)
Platform modules already initialized, skipping
Refreshing native plugins compatible for Editor in 0.40 ms, found 3 plugins.
Preloading 0 native plugins for Editor in 0.00 ms.
Unloading 2086 Unused Serialized files (Serialized files now loaded: 0)
System memory in use before: 96.2 MB.
System memory in use after: 96.2 MB.

Unloading 21 unused Assets to reduce memory usage. Loaded Objects now: 2542.
Total: 2.235000 ms (FindLiveObjects: 0.145800 ms CreateObjectMapping: 0.066300 ms MarkObjects: 1.943300 ms  DeleteObjects: 0.078900 ms)

AssetImportParameters requested are different than current active one (requested -> active):
  custom:framework-win-MediaFoundation: 216162199b28c13a410421893ffa2e32 -> 
  custom:video-decoder-ogg-theora: a1e56fd34408186e4bbccfd4996cb3dc -> 
  custom:container-muxer-webm: aa71ff27fc2769a1b78a27578f13a17b -> 
  custom:container-demuxer-webm: 4f35f7cbe854078d1ac9338744f61a02 -> 
  custom:container-demuxer-ogg: 62fdf1f143b41e24485cea50d1cbac27 -> 
  custom:video-encoder-webm-vp8: eb34c28f22e8b96e1ab97ce403110664 -> 
  custom:video-decoder-webm-vp8: 9c59270c3fd7afecdb556c50c9e8de78 -> 
  custom:audio-decoder-ogg-vorbis: bf7c407c2cedff20999df2af8eb42d56 -> 
  custom:audio-encoder-webm-vorbis: bf7c407c2cedff20999df2af8eb42d56 -> 
========================================================================
Received Import Request.
  Time since last request: 23.788571 seconds.
  path: Assets/textures/scripts
  artifactKey: Guid(0459ce649c139574ca7370c94708843c) Importer(815301076,1909f56bfc062723c751e8b465ee728b)
Start importing Assets/textures/scripts using Guid(0459ce649c139574ca7370c94708843c) Importer(815301076,1909f56bfc062723c751e8b465ee728b)  -> (artifact id: '26d3f21d7b69317751c7174b08ecd9a3') in 0.007085 seconds 
  Import took 0.036810 seconds .

========================================================================
Received Prepare
Registering precompiled user dll's ...
Registered in 0.003333 seconds.
Begin MonoManager ReloadAssembly
Native extension for WindowsStandalone target not found
Refreshing native plugins compatible for Editor in 0.36 ms, found 3 plugins.
Preloading 0 native plugins for Editor in 0.00 ms.
Mono: successfully reloaded assembly
- Completed reload, in  0.938 seconds
Domain Reload Profiling:
	ReloadAssembly (938ms)
		BeginReloadAssembly (96ms)
			ExecutionOrderSort (0ms)
			DisableScriptedObjects (5ms)
			BackupInstance (0ms)
			ReleaseScriptingObjects (0ms)
			CreateAndSetChildDomain (29ms)
		EndReloadAssembly (785ms)
			LoadAssemblies (76ms)
			RebuildTransferFunctionScriptingTraits (0ms)
			SetupTypeCache (251ms)
			ReleaseScriptCaches (1ms)
			RebuildScriptCaches (39ms)
			SetupLoadedEditorAssemblies (326ms)
				LogAssemblyErrors (0ms)
				InitializePlatformSupportModulesInManaged (5ms)
				SetLoadedEditorAssemblies (0ms)
				RefreshPlugins (0ms)
				BeforeProcessingInitializeOnLoad (47ms)
				ProcessInitializeOnLoadAttributes (262ms)
				ProcessInitializeOnLoadMethodAttributes (6ms)
				AfterProcessingInitializeOnLoad (6ms)
				EditorAssembliesLoaded (0ms)
			ExecutionOrderSort2 (0ms)
			AwakeInstancesAfterBackupRestoration (9ms)
Platform modules already initialized, skipping
Refreshing native plugins compatible for Editor in 0.47 ms, found 3 plugins.
Preloading 0 native plugins for Editor in 0.00 ms.
Unloading 2085 Unused Serialized files (Serialized files now loaded: 0)
System memory in use before: 96.2 MB.
System memory in use after: 96.2 MB.

Unloading 22 unused Assets to reduce memory usage. Loaded Objects now: 2545.
Total: 2.355700 ms (FindLiveObjects: 0.193300 ms CreateObjectMapping: 0.094800 ms MarkObjects: 1.957200 ms  DeleteObjects: 0.109000 ms)

AssetImportParameters requested are different than current active one (requested -> active):
  custom:framework-win-MediaFoundation: 216162199b28c13a410421893ffa2e32 -> 
  custom:video-decoder-ogg-theora: a1e56fd34408186e4bbccfd4996cb3dc -> 
  custom:container-muxer-webm: aa71ff27fc2769a1b78a27578f13a17b -> 
  custom:container-demuxer-webm: 4f35f7cbe854078d1ac9338744f61a02 -> 
  custom:container-demuxer-ogg: 62fdf1f143b41e24485cea50d1cbac27 -> 
  custom:video-encoder-webm-vp8: eb34c28f22e8b96e1ab97ce403110664 -> 
  custom:video-decoder-webm-vp8: 9c59270c3fd7afecdb556c50c9e8de78 -> 
  custom:audio-decoder-ogg-vorbis: bf7c407c2cedff20999df2af8eb42d56 -> 
  custom:audio-encoder-webm-vorbis: bf7c407c2cedff20999df2af8eb42d56 -> 
========================================================================
Received Prepare
Registering precompiled user dll's ...
Registered in 0.003251 seconds.
Begin MonoManager ReloadAssembly
Native extension for WindowsStandalone target not found
Refreshing native plugins compatible for Editor in 0.60 ms, found 3 plugins.
Preloading 0 native plugins for Editor in 0.00 ms.
Mono: successfully reloaded assembly
- Completed reload, in  0.933 seconds
Domain Reload Profiling:
	ReloadAssembly (934ms)
		BeginReloadAssembly (91ms)
			ExecutionOrderSort (0ms)
			DisableScriptedObjects (6ms)
			BackupInstance (0ms)
			ReleaseScriptingObjects (0ms)
			CreateAndSetChildDomain (29ms)
		EndReloadAssembly (786ms)
			LoadAssemblies (77ms)
			RebuildTransferFunctionScriptingTraits (0ms)
			SetupTypeCache (245ms)
			ReleaseScriptCaches (1ms)
			RebuildScriptCaches (37ms)
			SetupLoadedEditorAssemblies (330ms)
				LogAssemblyErrors (0ms)
				InitializePlatformSupportModulesInManaged (4ms)
				SetLoadedEditorAssemblies (0ms)
				RefreshPlugins (1ms)
				BeforeProcessingInitializeOnLoad (55ms)
				ProcessInitializeOnLoadAttributes (259ms)
				ProcessInitializeOnLoadMethodAttributes (6ms)
				AfterProcessingInitializeOnLoad (5ms)
				EditorAssembliesLoaded (0ms)
			ExecutionOrderSort2 (0ms)
			AwakeInstancesAfterBackupRestoration (9ms)
Platform modules already initialized, skipping
Refreshing native plugins compatible for Editor in 0.41 ms, found 3 plugins.
Preloading 0 native plugins for Editor in 0.00 ms.
Unloading 2086 Unused Serialized files (Serialized files now loaded: 0)
System memory in use before: 96.3 MB.
System memory in use after: 96.2 MB.

Unloading 21 unused Assets to reduce memory usage. Loaded Objects now: 2550.
Total: 2.124800 ms (FindLiveObjects: 0.146200 ms CreateObjectMapping: 0.066000 ms MarkObjects: 1.784900 ms  DeleteObjects: 0.126900 ms)

AssetImportParameters requested are different than current active one (requested -> active):
  custom:framework-win-MediaFoundation: 216162199b28c13a410421893ffa2e32 -> 
  custom:video-decoder-ogg-theora: a1e56fd34408186e4bbccfd4996cb3dc -> 
  custom:container-muxer-webm: aa71ff27fc2769a1b78a27578f13a17b -> 
  custom:container-demuxer-webm: 4f35f7cbe854078d1ac9338744f61a02 -> 
  custom:container-demuxer-ogg: 62fdf1f143b41e24485cea50d1cbac27 -> 
  custom:video-encoder-webm-vp8: eb34c28f22e8b96e1ab97ce403110664 -> 
  custom:video-decoder-webm-vp8: 9c59270c3fd7afecdb556c50c9e8de78 -> 
  custom:audio-decoder-ogg-vorbis: bf7c407c2cedff20999df2af8eb42d56 -> 
  custom:audio-encoder-webm-vorbis: bf7c407c2cedff20999df2af8eb42d56 -> 
========================================================================
Received Import Request.
  Time since last request: 21.387398 seconds.
  path: Assets/Scenes 1
  artifactKey: Guid(34c3c17100857224f82883a77762a867) Importer(815301076,1909f56bfc062723c751e8b465ee728b)
Start importing Assets/Scenes 1 using Guid(34c3c17100857224f82883a77762a867) Importer(815301076,1909f56bfc062723c751e8b465ee728b)  -> (artifact id: '4d70f9e81e89d7c88c8d3f3d2f4ca1b3') in 0.006150 seconds 
  Import took 0.062885 seconds .

========================================================================
Received Import Request.
  Time since last request: 28.831291 seconds.
  path: Assets/Scenes/smth.unity
  artifactKey: Guid(355b136366575fa47b08635f17d45126) Importer(815301076,1909f56bfc062723c751e8b465ee728b)
Start importing Assets/Scenes/smth.unity using Guid(355b136366575fa47b08635f17d45126) Importer(815301076,1909f56bfc062723c751e8b465ee728b)  -> (artifact id: '38c03f71099df40e914d4400e827aaab') in 0.011259 seconds 
  Import took 0.055410 seconds .

========================================================================
Received Import Request.
  Time since last request: 6.559913 seconds.
  path: Assets/Scenes/SampleScene.unity
  artifactKey: Guid(2cda990e2423bbf4892e6590ba056729) Importer(815301076,1909f56bfc062723c751e8b465ee728b)
Start importing Assets/Scenes/SampleScene.unity using Guid(2cda990e2423bbf4892e6590ba056729) Importer(815301076,1909f56bfc062723c751e8b465ee728b)  -> (artifact id: 'aa27944bdea339c97c39027c7eea529c') in 0.006431 seconds 
  Import took 0.071193 seconds .

========================================================================
Received Import Request.
  Time since last request: 13.370523 seconds.
  path: Assets/Scenes/SampleScene.unity
  artifactKey: Guid(2cda990e2423bbf4892e6590ba056729) Importer(815301076,1909f56bfc062723c751e8b465ee728b)
Start importing Assets/Scenes/SampleScene.unity using Guid(2cda990e2423bbf4892e6590ba056729) Importer(815301076,1909f56bfc062723c751e8b465ee728b)  -> (artifact id: '8484b896e1a56fe0dc2247d0e76778ff') in 0.001736 seconds 
  Import took 0.088075 seconds .

========================================================================
Received Prepare
Registering precompiled user dll's ...
Registered in 0.003589 seconds.
Begin MonoManager ReloadAssembly
Native extension for WindowsStandalone target not found
Refreshing native plugins compatible for Editor in 0.37 ms, found 3 plugins.
Preloading 0 native plugins for Editor in 0.00 ms.
Mono: successfully reloaded assembly
- Completed reload, in  0.943 seconds
Domain Reload Profiling:
	ReloadAssembly (943ms)
		BeginReloadAssembly (98ms)
			ExecutionOrderSort (0ms)
			DisableScriptedObjects (6ms)
			BackupInstance (0ms)
			ReleaseScriptingObjects (0ms)
			CreateAndSetChildDomain (29ms)
		EndReloadAssembly (792ms)
			LoadAssemblies (77ms)
			RebuildTransferFunctionScriptingTraits (0ms)
			SetupTypeCache (251ms)
			ReleaseScriptCaches (1ms)
			RebuildScriptCaches (38ms)
			SetupLoadedEditorAssemblies (333ms)
				LogAssemblyErrors (0ms)
				InitializePlatformSupportModulesInManaged (4ms)
				SetLoadedEditorAssemblies (0ms)
				RefreshPlugins (0ms)
				BeforeProcessingInitializeOnLoad (48ms)
				ProcessInitializeOnLoadAttributes (269ms)
				ProcessInitializeOnLoadMethodAttributes (5ms)
				AfterProcessingInitializeOnLoad (6ms)
				EditorAssembliesLoaded (0ms)
			ExecutionOrderSort2 (0ms)
			AwakeInstancesAfterBackupRestoration (9ms)
Platform modules already initialized, skipping
Refreshing native plugins compatible for Editor in 0.37 ms, found 3 plugins.
Preloading 0 native plugins for Editor in 0.00 ms.
Unloading 2086 Unused Serialized files (Serialized files now loaded: 0)
System memory in use before: 96.3 MB.
System memory in use after: 96.3 MB.

Unloading 21 unused Assets to reduce memory usage. Loaded Objects now: 2554.
Total: 2.084200 ms (FindLiveObjects: 0.146500 ms CreateObjectMapping: 0.063200 ms MarkObjects: 1.787900 ms  DeleteObjects: 0.085700 ms)

AssetImportParameters requested are different than current active one (requested -> active):
  custom:framework-win-MediaFoundation: 216162199b28c13a410421893ffa2e32 -> 
  custom:video-decoder-ogg-theora: a1e56fd34408186e4bbccfd4996cb3dc -> 
  custom:container-muxer-webm: aa71ff27fc2769a1b78a27578f13a17b -> 
  custom:container-demuxer-webm: 4f35f7cbe854078d1ac9338744f61a02 -> 
  custom:container-demuxer-ogg: 62fdf1f143b41e24485cea50d1cbac27 -> 
  custom:video-encoder-webm-vp8: eb34c28f22e8b96e1ab97ce403110664 -> 
  custom:video-decoder-webm-vp8: 9c59270c3fd7afecdb556c50c9e8de78 -> 
  custom:audio-decoder-ogg-vorbis: bf7c407c2cedff20999df2af8eb42d56 -> 
  custom:audio-encoder-webm-vorbis: bf7c407c2cedff20999df2af8eb42d56 -> 
========================================================================
Received Prepare
Registering precompiled user dll's ...
Registered in 0.002886 seconds.
Begin MonoManager ReloadAssembly
Native extension for WindowsStandalone target not found
Refreshing native plugins compatible for Editor in 0.51 ms, found 3 plugins.
Preloading 0 native plugins for Editor in 0.00 ms.
Mono: successfully reloaded assembly
- Completed reload, in  1.062 seconds
Domain Reload Profiling:
	ReloadAssembly (1063ms)
		BeginReloadAssembly (112ms)
			ExecutionOrderSort (0ms)
			DisableScriptedObjects (6ms)
			BackupInstance (0ms)
			ReleaseScriptingObjects (0ms)
			CreateAndSetChildDomain (35ms)
		EndReloadAssembly (888ms)
			LoadAssemblies (91ms)
			RebuildTransferFunctionScriptingTraits (0ms)
			SetupTypeCache (291ms)
			ReleaseScriptCaches (1ms)
			RebuildScriptCaches (46ms)
			SetupLoadedEditorAssemblies (357ms)
				LogAssemblyErrors (0ms)
				InitializePlatformSupportModulesInManaged (5ms)
				SetLoadedEditorAssemblies (0ms)
				RefreshPlugins (1ms)
				BeforeProcessingInitializeOnLoad (52ms)
				ProcessInitializeOnLoadAttributes (288ms)
				ProcessInitializeOnLoadMethodAttributes (5ms)
				AfterProcessingInitializeOnLoad (6ms)
				EditorAssembliesLoaded (0ms)
			ExecutionOrderSort2 (0ms)
			AwakeInstancesAfterBackupRestoration (9ms)
Platform modules already initialized, skipping
Refreshing native plugins compatible for Editor in 0.35 ms, found 3 plugins.
Preloading 0 native plugins for Editor in 0.00 ms.
Unloading 2086 Unused Serialized files (Serialized files now loaded: 0)
System memory in use before: 96.3 MB.
System memory in use after: 96.3 MB.

Unloading 21 unused Assets to reduce memory usage. Loaded Objects now: 2558.
Total: 2.225000 ms (FindLiveObjects: 0.139700 ms CreateObjectMapping: 0.060700 ms MarkObjects: 1.895600 ms  DeleteObjects: 0.128300 ms)

AssetImportParameters requested are different than current active one (requested -> active):
  custom:framework-win-MediaFoundation: 216162199b28c13a410421893ffa2e32 -> 
  custom:video-decoder-ogg-theora: a1e56fd34408186e4bbccfd4996cb3dc -> 
  custom:container-muxer-webm: aa71ff27fc2769a1b78a27578f13a17b -> 
  custom:container-demuxer-webm: 4f35f7cbe854078d1ac9338744f61a02 -> 
  custom:container-demuxer-ogg: 62fdf1f143b41e24485cea50d1cbac27 -> 
  custom:video-encoder-webm-vp8: eb34c28f22e8b96e1ab97ce403110664 -> 
  custom:video-decoder-webm-vp8: 9c59270c3fd7afecdb556c50c9e8de78 -> 
  custom:audio-decoder-ogg-vorbis: bf7c407c2cedff20999df2af8eb42d56 -> 
  custom:audio-encoder-webm-vorbis: bf7c407c2cedff20999df2af8eb42d56 -> 
========================================================================
Received Import Request.
  Time since last request: 797.538676 seconds.
  path: Assets/textures/Dungeon .png
  artifactKey: Guid(26f0bc5cebb73e440887e8d616a66d48) Importer(815301076,1909f56bfc062723c751e8b465ee728b)
Start importing Assets/textures/Dungeon .png using Guid(26f0bc5cebb73e440887e8d616a66d48) Importer(815301076,1909f56bfc062723c751e8b465ee728b)  -> (artifact id: 'ea90ed8d06fa79584a4d45e65be92edc') in 0.079913 seconds 
  Import took 0.111232 seconds .

========================================================================
Received Import Request.
  Time since last request: 15.507488 seconds.
  path: Assets/scripts/walking.cs
  artifactKey: Guid(d3572f73626140d4597d5132870feed4) Importer(815301076,1909f56bfc062723c751e8b465ee728b)
Start importing Assets/scripts/walking.cs using Guid(d3572f73626140d4597d5132870feed4) Importer(815301076,1909f56bfc062723c751e8b465ee728b)  -> (artifact id: 'a2fc1bece3bd7f7f614e23c89c796180') in 0.007667 seconds 
  Import took 0.027278 seconds .

AssetImportWorkerClient::OnTransportError - code=2 error=End of file
